0:100  0:100  MemLog inited, TSC freq: 2808407280
0:100  0:000  CPU was calibrated with RTC
0:100  0:000  
0:100  0:000  Now is 1.9.2019,  15:25:45 (GMT)
0:100  0:000  Starting Clover revision: 5058 on American Megatrends EFI
0:100  0:000  Build with: [Args: -D NO_GRUB_DRIVERS_EMBEDDED | -D NO_GRUB_DRIVERS_EMBEDDED -D USE_LOW_EBDA -D HAVE_LEGACY_EMURUNTIMEDXE -a X64 -b RELEASE -t XCODE8 -n 5 | OS: 10.13.6 | XCODE: 10.1]
0:100  0:000  SelfDevicePath=PciRoot(0x0)\Pci(0x1D,0x0)\Pci(0x0,0x0)\Unit(0x1)\HD(1,GPT,CDD9FC98-82FE-4874-9EC5-0588100112D8,0x28,0x64000) @749D6B98
0:100  0:000  SelfDirPath = EFI\boot
0:100  0:000  === [ Get Smbios ] ========================================
0:100  0:000  Type 16 Index = 0
0:101  0:000  Total Memory Slots Count = 4
0:101  0:000  Type 17 Index = 0
0:101  0:000  SmbiosTable.Type17->Speed = 2133MHz
0:101  0:000  SmbiosTable.Type17->Size = 16384MB
0:101  0:000  SmbiosTable.Type17->Bank/Device = BANK 0 ChannelA-DIMM0
0:101  0:000  SmbiosTable.Type17->Vendor = Kingston
0:101  0:000  SmbiosTable.Type17->SerialNumber = 12161215
0:101  0:000  SmbiosTable.Type17->PartNumber = 99U5712-009.A00G    
0:101  0:000  Type 17 Index = 1
0:101  0:000  SmbiosTable.Type17->Speed = 2133MHz
0:101  0:000  SmbiosTable.Type17->Size = 16384MB
0:101  0:000  SmbiosTable.Type17->Bank/Device = BANK 1 ChannelB-DIMM0
0:101  0:000  SmbiosTable.Type17->Vendor = Kingston
0:101  0:000  SmbiosTable.Type17->SerialNumber = 12121212
0:101  0:000  SmbiosTable.Type17->PartNumber = 9905663-007.A00G    
0:101  0:000  Type 17 Index = 2
0:101  0:000  SmbiosTable.Type17->Speed = 2133MHz
0:101  0:000  SmbiosTable.Type17->Size = 16384MB
0:101  0:000  SmbiosTable.Type17->Bank/Device = BANK 2 ChannelB-DIMM1
0:101  0:000  SmbiosTable.Type17->Vendor = Kingston
0:101  0:000  SmbiosTable.Type17->SerialNumber = 12121212
0:101  0:000  SmbiosTable.Type17->PartNumber = 99U5712-009.A00G    
0:101  0:000  Type 17 Index = 3
0:101  0:000  SmbiosTable.Type17->Speed = 2133MHz
0:101  0:000  SmbiosTable.Type17->Size = 16384MB
0:101  0:000  SmbiosTable.Type17->Bank/Device = BANK 3 ChannelA-DIMM1
0:101  0:000  SmbiosTable.Type17->Vendor = Kingston
0:101  0:000  SmbiosTable.Type17->SerialNumber = 12121212
0:101  0:000  SmbiosTable.Type17->PartNumber = 9905663-008.A00G    
0:101  0:000  Boot status=0
0:101  0:000  Running on: 'Precision 7510' with board '0MJ7KG'
0:101  0:000  === [ GetCPUProperties ] ==================================
0:101  0:000  CPU Vendor = 756E6547 Model=506E3
0:101  0:000   The CPU supported SSE4.1
0:101  0:000  BrandString = Intel(R) Xeon(R) CPU E3-1505M v5 @ 2.80GHz
0:101  0:000   The CPU supported turbo
0:101  0:000  MSR 0x35               40008
0:101  0:000   TSC/CCC Information Leaf:
0:101  0:000    numerator     : 234
0:101  0:000    denominator   : 2
0:101  0:000   Calibrated ARTFrequency: 24003481
0:101  0:000   Rounded ARTFrequency: 24100000
0:101  0:000  MSR 0xE2 before patch 7E008006
0:101  0:000  MSR 0xE2 is locked, PM patches will be turned on
0:101  0:000  MSR 0xCE              0008083B_F1011C00
0:101  0:000  corrected FLEX_RATIO = 0
0:101  0:000  MSR 0x1B0             00000000
0:101  0:000  FSBFrequency = 100 MHz, DMI FSBFrequency = 100 MHz, Corrected FSBFrequency = 100 MHz
0:101  0:000  MaxDiv/MinDiv: 28.0/8
0:101  0:000  Turbo: 33/34/35/37
0:101  0:000  Features: 0xBFEBFBFF
0:101  0:000  Threads: 8
0:101  0:000  Cores: 4
0:101  0:000  FSB: 100 MHz
0:101  0:000  CPU: 2800 MHz
0:101  0:000  TSC: 2800 MHz
0:101  0:000  PIS: 100 MHz
0:101  0:000  ExternalClock: 25 MHz
0:101  0:000  === [ GetDevices ] ========================================
0:101  0:000  GOP found at: PciRoot(0x0)/Pci(0x2,0x0)/AcpiAdr(0x80011400)
0:101  0:000  PCI (00|00:00.00) : 8086 1918 class=060000
0:101  0:000  PCI (00|00:02.00) : 8086 191D class=030000
0:101  0:000   - GOP: Provided by device
0:101  0:000   - GFX: Model=Intel HD Graphics P530 (Intel)
0:101  0:000  PCI (00|00:04.00) : 8086 1903 class=118000
0:101  0:000  PCI (00|00:14.00) : 8086 A12F class=0C0330
0:101  0:000  PCI (00|00:14.02) : 8086 A131 class=118000
0:101  0:000  PCI (00|00:16.00) : 8086 A13A class=078000
0:101  0:000  PCI (00|00:16.03) : 8086 A13D class=070002
0:101  0:000  PCI (00|00:17.00) : 8086 A102 class=010601
0:101  0:000  PCI (00|00:1C.00) : 8086 A111 class=060400
0:101  0:000  PCI (00|01:00.00) : 14E4 43B1 class=028000
0:101  0:000   - WIFI: Vendor=Broadcom
0:101  0:000  PCI (00|00:1C.04) : 8086 A114 class=060400
0:101  0:000  PCI (00|00:1D.00) : 8086 A118 class=060400
0:101  0:000  PCI (00|3B:00.00) : 144D A802 class=010802
0:101  0:000  PCI (00|00:1F.00) : 8086 A150 class=060100
0:101  0:000  PCI (00|00:1F.02) : 8086 A121 class=058000
0:101  0:000  PCI (00|00:1F.03) : 8086 A170 class=040300
0:101  0:000  PCI (00|00:1F.04) : 8086 A123 class=0C0500
0:101  0:000  PCI (00|00:1F.06) : 8086 15B7 class=020000
0:101  0:000   - LAN: 0 Vendor=Intel
0:101  0:000  === [ GetDefaultSettings ] ================================
0:101  0:000  Clover load options size = 162 bytes
0:102  0:000  EFI\CLOVER\.plist not loaded with name from LoadOptions: Invalid Parameter
0:103  0:001  EFI\CLOVER\config.plist loaded: Success
0:103  0:000  === [ GetListOfThemes ] ===================================
0:103  0:000  - [00]: BGM
0:103  0:000  - [01]: mac
0:104  0:000  - [02]: random
0:104  0:000  - [02]: embedded
0:104  0:000  === [ Found config plists ] ===============================
0:104  0:000  - config-working.plist
0:104  0:000  - config.plist
0:104  0:000  - config-backup.plist
0:104  0:000  - config-working-new.plist
0:105  0:000  - config-nogpu.plist
0:105  0:000  - config-131.plist
0:105  0:000  === [ GetEarlyUserSettings ] ==============================
0:105  0:000  timeout set to 5
0:105  0:000  Custom boot CUSTOM_BOOT_DISABLED (0x0)
0:105  0:000  ForceKextsToLoad: 1 requested
0:105  0:000   - [0]: System\Library\Extensions\IONetworkingFamily.kext
0:105  0:000  KextsToPatch: 6 requested
0:105  0:000   - [00]: AppleIntelSKLGraphicsFramebuffer (4 display patch) :: MatchOS: 10.14.x :: BinPatch :: data len: 8
0:105  0:000   - [01]: AppleIntelSKLGraphicsFramebuffer (10.12-SKL-1912000-4_displays) :: MatchOS: 10.14.x :: BinPatch :: data len: 8
0:105  0:000   - [02]: com.apple.driver.AppleGraphicsDevicePolicy (Prevent AGDP from loading) :: MatchOS: 10.13.x,10.14.x :: BinPatch :: data len: 5
0:105  0:000   - [03]: AppleIntelSKLGraphicsFramebuffer ( 10.11.4+-SKL-port_0x7-DP2HDMI) :: MatchOS: 10.14.x :: BinPatch :: data len: 12
0:105  0:000   - [04]: com.apple.iokit.IOAHCIBlockStorage (Enable TRIM for SSD) :: BinPatch :: data len: 11
0:105  0:000   - [05]: IONVMeFamily (IONVMeFamily Pike R. Alpha Patch#17) :: BinPatch :: data len: 16
0:105  0:000  KernelToPatch: 2 requested
0:105  0:000   - [00]: MSR 0xE2 _xcpm_idle instant reboot(c) Pike R. Alpha :: data len: 8
0:105  0:000   - [01]: Disable panic kext logging on 10.14 release kernel (credit vit9696) :: MatchOS: 10.14.x :: data len: 6
0:105  0:000  Default theme: mac
0:105  0:000  Hiding entries with string Recovery
0:105  0:000  === [ LoadDrivers ] =======================================
0:105  0:000  Loading AptioInputFix.efi  status=Success
0:114  0:009  Loading HFSPlus.efi  status=Success
0:124  0:009   - driver needs connecting
0:124  0:000  Loading ApfsDriverLoader.efi  status=Success
0:133  0:008   - driver needs connecting
0:133  0:000  Loading AptioMemoryFix.efi  status=Success
0:142  0:009  Loading AudioDxe.efi  status=Success
0:152  0:009   - driver needs connecting
0:152  0:000  Loading FSInject.efi  status=Success
0:161  0:009  3 drivers needs connecting ...
0:161  0:000  PlatformDriverOverrideProtocol not found. Installing ... Success
0:161  0:000  HFS+ driver loaded
0:161  0:000  APFS driver loaded
0:161  0:000  Searching for invalid DiskIo BY_DRIVER connects: not found, all ok
4:560  4:398  === [ InitScreen ] ========================================
4:560  0:000  Console modes reported: 4, available modes:
4:560  0:000   - [01]: 80x25
4:560  0:000   - [02]: 80x50
4:560  0:000   - [03]: 100x31
4:560  0:000   - [04]: 480x113 (current mode)
4:560  0:000  SetScreenResolution: 1920x1080 - not found!
4:560  0:000  SetMaxResolution: found best mode 0: 3840x2160
4:560  0:000   - already set
4:560  0:000  reinit: self device path=PciRoot(0x0)\Pci(0x1D,0x0)\Pci(0x0,0x0)\Unit(0x1)\HD(1,GPT,CDD9FC98-82FE-4874-9EC5-0588100112D8,0x28,0x64000)
4:560  0:000  Using embedded font: Success
4:561  0:000  === [ GetMacAddress ] =====================================
4:561  0:000  === [ ScanSPD ] ===========================================
4:562  0:000  Scanning SMBus [8086:A123], mmio: 0xDC452004, ioport: 0xF040, hostc: 0x11
4:581  0:018  Slot: 0 Type 26 16384MB 2400MHz Vendor=Kingston PartNo=99U5712-009.A00G SerialNo=00020200050D0B0B
4:599  0:018  Slot: 1 Type 26 16384MB 2132MHz Vendor=Kingston PartNo=9905663-007.A00G SerialNo=0005010C0F080405
4:617  0:018  Slot: 2 Type 26 16384MB 2400MHz Vendor=Kingston PartNo=99U5712-009.A00G SerialNo=0003020001050B0B
4:636  0:018  Slot: 3 Type 26 16384MB 2132MHz Vendor=Kingston PartNo=9905663-008.A00G SerialNo=000503020D050608
4:637  0:000  === [ GetAcpiTablesList ] =================================
4:637  0:000  Get Acpi Tables List from RSDT:
4:637  0:000   - [00]: FACP  CBX3    len=132
4:637  0:000   - [01]: APIC  CBX3    len=188
4:637  0:000   - [02]: FPDT  CBX3    len=68
4:637  0:000   - [03]: MCFG  CBX3    len=60
4:637  0:000   - [04]: HPET  CBX3    len=56
4:637  0:000   - [05]: SSDT  SataTabl len=1133
4:637  0:000   - [06]: LPIT  SKL len=148
4:637  0:000   - [07]: SSDT  sensrhub len=584
4:637  0:000   - [08]: SSDT  PtidDevc len=11182
4:637  0:000   - [09]: SSDT  xh_rvp07 len=2009
4:637  0:000   - [10]: DBGP   len=52
4:637  0:000   - [11]: DBG2   len=84
4:637  0:000   - [12]: SSDT  SaSsdt  len=14438
4:637  0:000   - [13]: UEFI   len=66
4:637  0:000   - [14]: SSDT  CpuSsdt len=3699
4:637  0:000   - [15]: SSDT  DptfTabl len=17245
4:637  0:000   - [16]: MSDM  CBX3    len=85
4:637  0:000   - [17]: SLIC  CBX3    len=374
4:637  0:000   - [18]: BGRT   len=56
4:637  0:000   - [19]: TPM2  Tpm2Tabl len=52
4:637  0:000   - [20]: ASF!   HCG len=165
4:637  0:000  Calibrated TSC Frequency = 2808407280 = 2808MHz
4:637  0:000  === [ GetUserSettings ] ===================================
4:637  0:000  Add 18 devices:
4:637  0:000  USB FixOwnership: yes
4:637  0:000  Dropping 3 tables:
4:637  0:000   - [00]: Drop table  signature="#MCF" (46434D23)
4:638  0:000           - set table: 46434D23,                0 to drop: no
4:638  0:000   - [01]: Drop table  signature="DMAR" (52414D44)
4:638  0:000           - set table: 52414D44,                0 to drop: no
4:638  0:000   - [02]: Drop table  signature="SSDT" (54445353) table-id="xh_rvp10" (30317076725F6878)
4:638  0:000           - set table: 54445353, 30317076725F6878 to drop: no
4:638  0:000   - final DSDT Fix mask=10400040
4:638  0:000  PatchesDSDT: 4 requested
4:638  0:000   - [00]: (change GFX0 to IGPU) lenToFind: 4, lenToReplace: 4, Target Bridge: <null string>
4:638  0:000   - [01]: (change HDAS to HDEF) lenToFind: 4, lenToReplace: 4, Target Bridge: <null string>
4:638  0:000   - [02]: (change PEGP to GFX0) lenToFind: 4, lenToReplace: 4, Target Bridge: <null string>
4:638  0:000    patch disabled at config
4:638  0:000   - [03]: (change SAT0 to SATA) lenToFind: 4, lenToReplace: 4, Target Bridge: <null string>
4:638  0:000  Using ProductName from config: MacBookPro13,3
4:638  0:000  Using latest BiosVersion from clover
4:638  0:000  BiosVersion: MBP133.88Z.F000.B00.1907242326
4:638  0:000  BiosReleaseDate: 07/24/2019
4:638  0:000  Using latest EfiVersion from clover: 259.71.1.0.0
4:638  0:000  Using FirmwareFeatures from config: 0xFC0FE13F
4:638  0:000  Using FirmwareFeaturesMask from config: 0xFF1FFF3F
4:638  0:000  Board-ID set from config as Mac-A5C67F76ED83108C
4:638  0:000  BoardType: 0xA
4:638  0:000  ChassisType: 0x9
4:638  0:000  CpuType: 5A5
4:638  0:000  Converted CustomUUID 6116E501-18F7-407F-ACD8-10B0D26CC254
4:638  0:000  === [ Found DSDT tables ] =================================
4:747  0:108  === [ ScanVolumes ] =======================================
4:747  0:000  Found 10 volumes with blockIO
4:747  0:000  - [00]: Volume: PciRoot(0x0)\Pci(0x17,0x0)\Sata(0x3,0xFFFF,0x0)
4:747  0:000  - [01]: Volume: PciRoot(0x0)\Pci(0x17,0x0)\Sata(0x3,0xFFFF,0x0)\HD(1,GPT,F6F92253-2A4C-4443-AAB7-C4AD7C4FE7A8,0x28,0x64000)
4:748  0:000          Result of bootcode detection: bootable unknown (legacy)
4:748  0:000  - [02]: Volume: PciRoot(0x0)\Pci(0x17,0x0)\Sata(0x3,0xFFFF,0x0)\HD(2,GPT,5C742EDD-660B-4178-AFAE-F7C29A852277,0x64028,0xE8DA4860)
4:748  0:000          Result of bootcode detection: bootable unknown (legacy)
4:748  0:000  - [03]: Volume: PciRoot(0x0)\Pci(0x1D,0x0)\Pci(0x0,0x0)\Unit(0x1)
4:748  0:000  - [04]: Volume: PciRoot(0x0)\Pci(0x1D,0x0)\Pci(0x0,0x0)\Unit(0x1)\HD(1,GPT,CDD9FC98-82FE-4874-9EC5-0588100112D8,0x28,0x64000)
4:749  0:000          Result of bootcode detection: bootable unknown (legacy)
4:749  0:000          This is SelfVolume !!
4:749  0:000  - [05]: Volume: PciRoot(0x0)\Pci(0x1D,0x0)\Pci(0x0,0x0)\Unit(0x1)\HD(2,GPT,4D04F7DE-39BA-4E2C-BD7A-49436B546996,0x64028,0x3B97D260)
4:749  0:000          Result of bootcode detection: bootable unknown (legacy)
4:749  0:000  - [06]: Volume: PciRoot(0x0)\Pci(0x1D,0x0)\Pci(0x0,0x0)\Unit(0x1)\HD(2,GPT,4D04F7DE-39BA-4E2C-BD7A-49436B546996,0x64028,0x3B97D260)\VenMedia(BE74FCF7-0B7C-49F3-9147-01F4042E6842,45FE69533CE219499CE1EA3D3DBFB216)
4:749  0:000  - [07]: Volume: PciRoot(0x0)\Pci(0x1D,0x0)\Pci(0x0,0x0)\Unit(0x1)\HD(2,GPT,4D04F7DE-39BA-4E2C-BD7A-49436B546996,0x64028,0x3B97D260)\VenMedia(BE74FCF7-0B7C-49F3-9147-01F4042E6842,E16C1EE2F7C42246A49993469CFAACCA)
4:749  0:000  - [08]: Volume: PciRoot(0x0)\Pci(0x1D,0x0)\Pci(0x0,0x0)\Unit(0x1)\HD(2,GPT,4D04F7DE-39BA-4E2C-BD7A-49436B546996,0x64028,0x3B97D260)\VenMedia(BE74FCF7-0B7C-49F3-9147-01F4042E6842,E18333F749110D43882A1A9DE7992749)
4:749  0:000          hiding this volume
4:749  0:000  - [09]: Volume: PciRoot(0x0)\Pci(0x1D,0x0)\Pci(0x0,0x0)\Unit(0x1)\HD(2,GPT,4D04F7DE-39BA-4E2C-BD7A-49436B546996,0x64028,0x3B97D260)\VenMedia(BE74FCF7-0B7C-49F3-9147-01F4042E6842,98C73A0A00B9EB498C0626AF410A958F)
4:749  0:000  found 2 handles with audio
4:749  0:000  No AudioIoDevice stored
4:749  0:000  no stored audio parameters
4:749  0:000  === [ InitTheme ] =========================================
4:749  0:000  use daylight theme
4:752  0:002  Using theme 'mac' (EFI\CLOVER\themes\mac)
4:752  0:000  file sound read: sound.wav Not Found
4:754  0:002  Loading font from ThemeDir: Success
4:754  0:000  theme inited
4:754  0:000  Chosen theme mac
4:754  0:000  after NVRAM boot-args=-v dart=0 -wegnoegpu darkwake=no -cdfon
4:754  0:000  === [ Dump SMC keys from NVRAM ] ==========================
4:754  0:000  no AppleSMC protocol
4:771  0:017  === [ ScanLoader ] ========================================
4:771  0:000  - [01]: 'EFI'
4:775  0:003  - [04]: 'EFI'
4:777  0:002          AddLoaderEntry for Volume Name=EFI
4:777  0:000          skipped because entry is hidden
4:777  0:000  - [06]: 'Preboot'
4:778  0:000          AddLoaderEntry for Volume Name=Preboot
4:778  0:000      hibernated: set as never
4:779  0:001          AddLoaderEntry for Volume Name=Preboot
4:783  0:003  - [07]: 'Macintosh HD'
4:787  0:004          AddLoaderEntry for Volume Name=Macintosh HD
4:788  0:001      hibernated: set as never
4:791  0:002  - [08]: 'Recovery', hidden
4:791  0:000  - [09]: 'VM'
4:793  0:002  === [ AddCustomTool ] =====================================
4:794  0:000  found tool \EFI\CLOVER\tools\Shell64U.efi
4:794  0:000  Checking EFI partition Volume 1 for Clover
4:794  0:000  Checking EFI partition Volume 4 for Clover
4:794  0:000   Found Clover
4:795  0:001  === [ GetEfiBootDeviceFromNvram ] =========================
4:795  0:000   - efi-boot-device-data: PciRoot(0x0)\Pci(0x1D,0x0)\Pci(0x0,0x0)\Unit(0x1)\HD(2,GPT,4D04F7DE-39BA-4E2C-BD7A-49436B546996,0x64028,0x3B97D260)\VenMedia(BE74FCF7-0B7C-49F3-9147-01F4042E6842,E16C1EE2F7C42246A49993469CFAACCA)
4:795  0:000    - Volume: 'PciRoot(0x0)\Pci(0x1D,0x0)\Pci(0x0,0x0)\Unit(0x1)\HD(2,GPT,4D04F7DE-39BA-4E2C-BD7A-49436B546996,0x64028,0x3B97D260)\VenMedia(BE74FCF7-0B7C-49F3-9147-01F4042E6842,E16C1EE2F7C42246A49993469CFAACCA)'
4:795  0:000    - LoaderPath: '<null string>'
4:795  0:000    - Guid = 4D04F7DE-39BA-4E2C-BD7A-49436B546996
4:795  0:000  === [ FindStartupDiskVolume ] =============================
4:795  0:000    - Volume: partition = PciRoot(0x0)\Pci(0x1D,0x0)\Pci(0x0,0x0)\Unit(0x1)\HD(2,GPT,4D04F7DE-39BA-4E2C-BD7A-49436B546996,0x64028,0x3B97D260)\VenMedia(BE74FCF7-0B7C-49F3-9147-01F4042E6842,E16C1EE2F7C42246A49993469CFAACCA)
4:795  0:000     - searching for that partition
4:795  0:000      - found entry 2. 'Boot macOS from Macintosh HD', Volume 'Macintosh HD'
4:795  0:000  Boot redirected to Entry 2. 'Boot macOS from Macintosh HD'
4:795  0:000  DefaultIndex=2 and MainMenu.EntryCount=7
5:119  0:323  GUI ready
11:509  6:390  exit from MainMenu 1
11:509  0:000  ParseBootOption: invalid input params
11:509  0:000  BootVariable of the entry is empty
11:509  0:000  === [ StartLoader ] =======================================
11:509  0:000  Finally: ExternalClock=26MHz BusSpeed=100301kHz CPUFreq=2808MHz PIS: hw.busfrequency=104000000Hz
11:509  0:000  Loading boot.efi  status=Success
11:734  0:225  GetOSVersion: 10.14.6 (18G95)
11:735  0:000  CSR_CFG: CSR_ALLOW_UNTRUSTED_KEXTS | CSR_ALLOW_UNRESTRICTED_FS | CSR_ALLOW_TASK_FOR_PID | CSR_ALLOW_UNRESTRICTED_DTRACE | CSR_ALLOW_UNRESTRICTED_NVRAM
11:735  0:000  Filtering KextPatches:
11:735  0:000   - [00]: AppleIntelSKLGraphicsFramebuffer (4 display patch) :: BinPatch :: [OS: 10.14.6 | MatchOS: 10.14.x | MatchBuild: All] ==> allowed
11:735  0:000   - [01]: AppleIntelSKLGraphicsFramebuffer (10.12-SKL-1912000-4_displays) :: BinPatch :: [OS: 10.14.6 | MatchOS: 10.14.x | MatchBuild: All] ==> allowed
11:735  0:000   - [02]: com.apple.driver.AppleGraphicsDevicePolicy (Prevent AGDP from loading) :: BinPatch :: [OS: 10.14.6 | MatchOS: 10.13.x,10.14.x | MatchBuild: All] ==> allowed
11:735  0:000   - [03]: AppleIntelSKLGraphicsFramebuffer ( 10.11.4+-SKL-port_0x7-DP2HDMI) :: BinPatch :: [OS: 10.14.6 | MatchOS: 10.14.x | MatchBuild: All] ==> allowed
11:735  0:000   - [04]: com.apple.iokit.IOAHCIBlockStorage (Enable TRIM for SSD) :: BinPatch :: [OS: 10.14.6 | MatchOS: All | MatchBuild: All] ==> allowed
11:735  0:000   - [05]: IONVMeFamily (IONVMeFamily Pike R. Alpha Patch#17) :: BinPatch :: [OS: 10.14.6 | MatchOS: All | MatchBuild: All] ==> allowed
11:735  0:000  Filtering KernelPatches:
11:735  0:000   - [00]: MSR 0xE2 _xcpm_idle instant reboot(c) Pike R. Alpha :: [OS: 10.14.6 | MatchOS: All | MatchBuild: no] ==> allowed by OS
11:735  0:000   - [01]: Disable panic kext logging on 10.14 release kernel (credit vit9696) :: [OS: 10.14.6 | MatchOS: 10.14.x | MatchBuild: no] ==> allowed by OS
11:735  0:000  Will not patch boot.efi
11:735  0:000  === [ PatchSmbios ] =======================================
11:735  0:000  insert table 9 for dev 1F:6
11:735  0:000  insert table 9 for dev 0:0
11:735  0:000  Table 11 present, but rewritten for us
11:736  0:001  Trusting SMBIOS...
11:736  0:000  Channels: 2
11:736  0:000  Interleave: 0 2 1 3 4 6 5 7 8 10 9 11 12 14 13 15 16 18 17 19 20 22 21 23
11:736  0:000   partNum=99U5712-009.A00G    
11:736  0:000  SMBIOS Type 17 Index = 0 => 0 0:
11:736  0:000  BANK 0 DIMM0 2400MHz 16384MB
11:736  0:000   partNum=99U5712-009.A00G    
11:736  0:000  SMBIOS Type 17 Index = 1 => 2 2:
11:736  0:000  BANK 1 DIMM0 2400MHz 16384MB
11:736  0:000   partNum=9905663-007.A00G    
11:736  0:000  SMBIOS Type 17 Index = 2 => 1 1:
11:736  0:000  BANK 0 DIMM1 2133MHz 16384MB
11:736  0:000   partNum=9905663-008.A00G    
11:736  0:000  SMBIOS Type 17 Index = 3 => 3 3:
11:736  0:000  BANK 1 DIMM1 2133MHz 16384MB
11:736  0:000  mTotalSystemMemory = 65536
11:736  0:000  NumberOfMemoryDevices = 4
11:736  0:000  Type20[0]->End = 0xFFFFFF, Type17[0] = 0x4000
11:736  0:000  Type20[1]->End = 0x2FFFFFF, Type17[2] = 0x10000
11:736  0:000  Type20[2]->End = 0x1FFFFFF, Type17[1] = 0x18000
11:736  0:000  Table 131 is present, CPUType=35
11:736  0:000  Change to: 5A5
11:736  0:000  === [ PatchACPI ] =========================================
11:736  0:000  Xsdt reallocation done
11:736  0:000  old FADT length=10C
11:736  0:000   SignatureFixup: 0x228D2610 -> 0x0
11:736  0:000  Found OperationRegion(GNVS, SystemMemory, 77B73000, ...)
11:736  0:000  Found OperationRegion(EXBU, SystemMemory, 77B7B000, ...)
11:736  0:000  Found OperationRegion(OGNV, SystemMemory, 7826C000, ...)
11:736  0:000  Found OperationRegion(DEGA, SystemMemory, 77B62000, ...)
11:736  0:000  Found OperationRegion(CPSB, SystemMemory, 77B79F18, ...)
11:737  0:000  Found OperationRegion(PNVA, SystemMemory, 77B79B98, ...)
11:738  0:001  Found OperationRegion(THBA, SystemMemory, FE200000, ...)
11:740  0:001  Found OperationRegion(ITSS, SystemMemory, FDC43100, ...)
11:740  0:000  Found OperationRegion(NVID, SystemMemory, E0100000, ...)
11:740  0:000  Found OperationRegion(DXHC, SystemMemory, FED1F418, ...)
11:740  0:000  Found OperationRegion(HWIG, SystemMemory, E00E0019, ...)
11:740  0:000  Found OperationRegion(UWIG, SystemMemory, E00E5019, ...)
11:740  0:000  Found OperationRegion(ABNV, SystemMemory, 77B5E000, ...)
11:740  0:000  Found OperationRegion(TMMB, SystemMemory, FED40000, ...)
11:740  0:000  Found OperationRegion(CRBD, SystemMemory, FED40000, ...)
11:740  0:000  Found OperationRegion(TPMR, SystemMemory, FFFFFFFF, ...)
11:740  0:000  Found OperationRegion(ATNV, SystemMemory, 77B79918, ...)
11:740  0:000  Found OperationRegion(WWPR, SystemMemory, 77B56000, ...)
11:740  0:000  Found OperationRegion(NVID, SystemMemory, E0100000, ...)
11:740  0:000  Found OperationRegion(ATID, SystemMemory, E0100000, ...)
11:740  0:000  Found OperationRegion(PDW0, SystemMemory, FDAE05B8, ...)
11:741  0:000  Apply DsdtFixMask=0x10400040
11:741  0:000     drop _DSM mask=0xFFFF
11:741  0:000  === [ FixBiosDsdt ] =======================================
11:741  0:000  Patching DSDT:
11:741  0:000   - [change GFX0 to IGPU]: pattern 47465830, patched at: [ (2D35) (BDBE) (1B) (CAB) (A) (8FA1) (1666) (2E14) (14) (198D) (A31) (22E7) (31) (18) (4B) (11) (97) (61) (5D) ]
11:741  0:000   - [change HDAS to HDEF]: pattern 48444153, patched at: [ (8E28) (1A15) (86) (D) (A1) (6A) ]
11:742  0:000   - [change PEGP to GFX0]: disabled
11:742  0:000   - [change SAT0 to SATA]: pattern 53415430, patched at: [ (AAD7) (30) (3F32) (13) (9D54) (164D) (4EB) (29) (2E) (2E) (2E) (6C7F) ]
11:742  0:000    0 replacements
11:743  0:001  found PIC had IRQNoFlag will move -3 bytes
11:743  0:000   deleting device CRT_
11:744  0:000   deleting device DVI_
11:744  0:000   deleting device SPKR
11:745  0:000   deleting device ECP_
11:745  0:000   deleting device LPT_
11:746  0:000   deleting device FDC0
11:746  0:000   deleting device ECP1
11:747  0:000   deleting device LPT1
11:747  0:000    indirect name=PNVB
11:747  0:000  OperationRegion (PDW0...) corrected from 0x0 to addr=0xFDAE05B8
11:747  0:000  OperationRegion (PDW0...) corrected from 0x0 to addr=0xFDAE05B8
11:747  0:000  OperationRegion (PDW0...) corrected from 0x0 to addr=0xFDAE05B8
11:747  0:000  OperationRegion (PDW0...) corrected from 0x0 to addr=0xFDAE05B8
11:747  0:000  OperationRegion (PDW0...) corrected from 0x0 to addr=0xFDAE05B8
11:747  0:000  OperationRegion (PDW0...) corrected from 0x0 to addr=0xFDAE05B8
11:747  0:000  OperationRegion (PDW0...) corrected from 0x0 to addr=0xFDAE05B8
11:747  0:000  OperationRegion (PDW0...) corrected from 0x0 to addr=0xFDAE05B8
11:747  0:000  OperationRegion (PDW0...) corrected from 0x0 to addr=0xFDAE05B8
11:747  0:000  OperationRegion (PDW0...) corrected from 0x0 to addr=0xFDAE05B8
11:747  0:000  OperationRegion (PDW0...) corrected from 0x0 to addr=0xFDAE05B8
11:747  0:000  OperationRegion (PDW0...) corrected from 0x0 to addr=0xFDAE05B8
11:747  0:000  OperationRegion (PDW0...) corrected from 0x0 to addr=0xFDAE05B8
11:747  0:000  OperationRegion (PDW0...) corrected from 0x0 to addr=0xFDAE05B8
11:747  0:000  OperationRegion (THBA...) corrected from 0x0 to addr=0xFE200000
11:748  0:000    indirect name=TPMM
11:748  0:000    indirect name=FTPM
11:748  0:000    indirect name=PPIM
11:748  0:000    indirect name=SMBA
11:748  0:000  OperationRegion (WWPR...) corrected from 0x0 to addr=0x77B56000
11:748  0:000  OperationRegion (WWPR...) corrected from 0x0 to addr=0x77B56000
11:748  0:000  OperationRegion (WWPR...) corrected from 0x0 to addr=0x77B56000
11:748  0:000  OperationRegion (WWPR...) corrected from 0x0 to addr=0x77B56000
11:748  0:000  OperationRegion (WWPR...) corrected from 0x0 to addr=0x77B56000
11:748  0:000  PreCleanup XSDT: count=21, length=204
11:748  0:000  PreCleanup XSDT, corrected XSDT: count=21, length=204
11:748  0:000  === [ ACPIPatchedAML ] ====================================
11:748  0:000  AutoMerge pass 1
11:748  0:000  Unsorted
11:748  0:000  Inserting SSDT-PNLF.aml from EFI\CLOVER\ACPI\patched: ignore on pass 1
11:748  0:000  Inserting SSDT-XCPM.aml from EFI\CLOVER\ACPI\patched: ignore on pass 1
11:748  0:000  === [ ACPIDropTables ] ====================================
11:748  0:000  Patching SSDT SataTabl Length=1133
11:748  0:000  0. [change GFX0 to IGPU]: pattern 47465830, bin not found / already patched!
11:748  0:000  1. [change HDAS to HDEF]: pattern 48444153, bin not found / already patched!
11:748  0:000  2. [change PEGP to GFX0]: disabled
11:748  0:000  3. [change SAT0 to SATA]: pattern 53415430, patched at: [ (C5) ]
11:748  0:000    0 replacements
11:748  0:000  Patching SSDT sensrhub Length=584
11:748  0:000  0. [change GFX0 to IGPU]: pattern 47465830, bin not found / already patched!
11:748  0:000  1. [change HDAS to HDEF]: pattern 48444153, bin not found / already patched!
11:748  0:000  2. [change PEGP to GFX0]: disabled
11:748  0:000  3. [change SAT0 to SATA]: pattern 53415430, bin not found / already patched!
11:748  0:000    0 replacements
11:748  0:000  Patching SSDT PtidDevc Length=11182
11:748  0:000  0. [change GFX0 to IGPU]: pattern 47465830, bin not found / already patched!
11:748  0:000  1. [change HDAS to HDEF]: pattern 48444153, bin not found / already patched!
11:748  0:000  2. [change PEGP to GFX0]: disabled
11:748  0:000  3. [change SAT0 to SATA]: pattern 53415430, bin not found / already patched!
11:748  0:000    0 replacements
11:748  0:000  Patching SSDT xh_rvp07 Length=2009
11:748  0:000  0. [change GFX0 to IGPU]: pattern 47465830, bin not found / already patched!
11:748  0:000  1. [change HDAS to HDEF]: pattern 48444153, bin not found / already patched!
11:748  0:000  2. [change PEGP to GFX0]: disabled
11:748  0:000  3. [change SAT0 to SATA]: pattern 53415430, bin not found / already patched!
11:748  0:000    0 replacements
11:748  0:000  Patching SSDT SaSsdt  Length=14438
11:748  0:000  0. [change GFX0 to IGPU]: pattern 47465830, patched at: [ (1069) (89D) (1D) (70C) ]
11:748  0:000  1. [change HDAS to HDEF]: pattern 48444153, bin not found / already patched!
11:748  0:000  2. [change PEGP to GFX0]: disabled
11:748  0:000  3. [change SAT0 to SATA]: pattern 53415430, bin not found / already patched!
11:748  0:000    0 replacements
11:748  0:000  Found OperationRegion(SANV, SystemMemory, 77B79118, ...)
11:748  0:000  Found OperationRegion(DGHR, SystemMemory, FDAE0510, ...)
11:748  0:000  Found OperationRegion(DGPK, SystemMemory, FDAE0550, ...)
11:748  0:000  Patching SSDT CpuSsdt Length=3699
11:748  0:000  0. [change GFX0 to IGPU]: pattern 47465830, bin not found / already patched!
11:748  0:000  1. [change HDAS to HDEF]: pattern 48444153, bin not found / already patched!
11:748  0:000  2. [change PEGP to GFX0]: disabled
11:748  0:000  3. [change SAT0 to SATA]: pattern 53415430, bin not found / already patched!
11:748  0:000    0 replacements
11:748  0:000  Found OperationRegion(PNVS, SystemMemory, 6DAD3000, ...)
11:748  0:000  Patching SSDT DptfTabl Length=17245
11:748  0:000  0. [change GFX0 to IGPU]: pattern 47465830, bin not found / already patched!
11:748  0:000  1. [change HDAS to HDEF]: pattern 48444153, bin not found / already patched!
11:748  0:000  2. [change PEGP to GFX0]: disabled
11:748  0:000  3. [change SAT0 to SATA]: pattern 53415430, bin not found / already patched!
11:749  0:000    0 replacements
11:749  0:000  === [ ACPIPatchedAML ] ====================================
11:749  0:000  AutoMerge pass 2
11:749  0:000  Unsorted
11:749  0:000  Inserting SSDT-PNLF.aml from EFI\CLOVER\ACPI\patched: size=1028 ... Success
11:749  0:000  Inserting SSDT-XCPM.aml from EFI\CLOVER\ACPI\patched: size=80 ... Success
11:749  0:000  CPUBase=0 and ApicCPUBase=1 ApicCPUNum=1
11:749  0:000  Maximum control=0x1C
11:749  0:000  Turbo control=0x25
11:749  0:000  P-States: min 0x8, max 0x25
11:749  0:000  SSDT with plugin-type without P-States is generated
11:749  0:000  Cleanup XSDT: count=24, length=228
11:749  0:000  corrected XSDT count=24, length=228
11:749  0:000  === [ RestSetup macOS ] ===================================
11:749  0:000  EdidDiscovered size=128
11:749  0:000  --- Discovered EDID Table size:128
11:749  0:000  000  |  00  FF  FF  FF  FF  FF  FF  00  4D  10
11:749  0:000  010  |  30  14  00  00  00  00  24  19  01  04
11:749  0:000  020  |  A5  23  13  78  0E  DF  50  A3  54  35
11:749  0:000  030  |  B5  26  0F  50  54  00  00  00  01  01
11:749  0:000  040  |  01  01  01  01  01  01  01  01  01  01
11:749  0:000  050  |  01  01  01  01  4D  D0  00  A0  F0  70
11:749  0:000  060  |  3E  80  30  20  35  00  5A  C2  10  00
11:749  0:000  070  |  00  18  4D  D0  00  A0  F0  70  68  82
11:749  0:000  080  |  30  20  35  00  00  00  00  00  00  00
11:749  0:000  090  |  00  00  00  FE  00  34  33  4E  38  30
11:749  0:000  100  |  81  4C  51  31  35  36  44  31  00  00
11:749  0:000  110  |  00  00  00  02  01  03  23  00  11  00
11:749  0:000  120  |  00  0B  01  0A  20  20  00  BF
11:749  0:000  add device: PciRoot(0x0)/Pci(0x4,0x0)
11:749  0:000     Add key=model valuelen=68
11:749  0:000     Add key=device_type valuelen=29
11:749  0:000     Add key=AAPL,slot-name valuelen=15
11:749  0:000  add device: PciRoot(0x0)/Pci(0x2,0x0)
11:749  0:000     Add key=hda-gfx valuelen=10
11:749  0:000     Add key=framebuffer-unifiedmem valuelen=4
11:749  0:000     Add key=framebuffer-portcount valuelen=4
11:749  0:000     Add key=framebuffer-pipecount valuelen=4
11:749  0:000     Add key=framebuffer-patch-enable valuelen=4
11:749  0:000     Add key=framebuffer-con2-type valuelen=4
11:749  0:000     Add key=framebuffer-con2-enable valuelen=4
11:749  0:000     Add key=framebuffer-con1-type valuelen=4
11:749  0:000     Add key=framebuffer-con1-enable valuelen=4
11:749  0:000     Add key=framebuffer-con0-type valuelen=4
11:749  0:000     Add key=framebuffer-con0-enable valuelen=4
11:749  0:000     Add key=device-type valuelen=26
11:749  0:000     Add key=device-id valuelen=4
11:749  0:000     Add key=AAPL,slot-name valuelen=9
11:749  0:000     Add key=AAPL,ig-platform-id valuelen=4
11:749  0:000  add device: PciRoot(0x0)/Pci(0x1F,0x6)
11:749  0:000     Add key=model valuelen=32
11:749  0:000     Add key=device_type valuelen=20
11:749  0:000     Add key=AAPL,slot-name valuelen=16
11:749  0:000  add device: PciRoot(0x0)/Pci(0x1F,0x4)
11:749  0:000     Add key=model valuelen=44
11:749  0:000     Add key=device_type valuelen=6
11:749  0:000     Add key=AAPL,slot-name valuelen=16
11:749  0:000  add device: PciRoot(0x0)/Pci(0x1F,0x3)
11:749  0:000     Add key=model valuelen=58
11:749  0:000     Add key=layout-id valuelen=4
11:749  0:000     Add key=device_type valuelen=13
11:749  0:000     Add key=AAPL,slot-name valuelen=16
11:749  0:000  add device: PciRoot(0x0)/Pci(0x1F,0x2)
11:749  0:000     Add key=model valuelen=66
11:749  0:000     Add key=device_type valuelen=18
11:749  0:000     Add key=AAPL,slot-name valuelen=16
11:749  0:000  add device: PciRoot(0x0)/Pci(0x1F,0x0)
11:749  0:000     Add key=model valuelen=34
11:749  0:000     Add key=device_type valuelen=11
11:749  0:000     Add key=AAPL,slot-name valuelen=16
11:749  0:000  add device: PciRoot(0x0)/Pci(0x1D,0x0)/Pci(0x0,0x0)
11:749  0:000     Add key=model valuelen=32
11:749  0:000     Add key=device_type valuelen=31
11:749  0:000     Add key=AAPL,slot-name valuelen=20
11:749  0:000  add device: PciRoot(0x0)/Pci(0x1D,0x0)
11:749  0:000     Add key=model valuelen=63
11:749  0:000     Add key=device_type valuelen=11
11:749  0:000     Add key=AAPL,slot-name valuelen=16
11:749  0:000  add device: PciRoot(0x0)/Pci(0x1C,0x4)
11:749  0:000     Add key=model valuelen=63
11:749  0:000     Add key=device_type valuelen=11
11:749  0:000     Add key=AAPL,slot-name valuelen=16
11:749  0:000  add device: PciRoot(0x0)/Pci(0x1C,0x0)/Pci(0x0,0x0)
11:749  0:000     Add key=model valuelen=42
11:749  0:000     Add key=device_type valuelen=19
11:749  0:000     Add key=AAPL,slot-name valuelen=20
11:749  0:000  add device: PciRoot(0x0)/Pci(0x1C,0x0)
11:749  0:000     Add key=model valuelen=63
11:749  0:000     Add key=device_type valuelen=11
11:749  0:000     Add key=AAPL,slot-name valuelen=16
11:749  0:000  add device: PciRoot(0x0)/Pci(0x17,0x0)
11:749  0:000     Add key=model valuelen=72
11:749  0:000     Add key=device_type valuelen=16
11:749  0:000     Add key=AAPL,slot-name valuelen=16
11:749  0:000  add device: PciRoot(0x0)/Pci(0x16,0x3)
11:749  0:000     Add key=model valuelen=53
11:749  0:000     Add key=device_type valuelen=18
11:749  0:000     Add key=AAPL,slot-name valuelen=16
11:749  0:000  add device: PciRoot(0x0)/Pci(0x16,0x0)
11:749  0:000     Add key=model valuelen=56
11:749  0:000     Add key=device_type valuelen=25
11:749  0:000     Add key=AAPL,slot-name valuelen=16
11:749  0:000  add device: PciRoot(0x0)/Pci(0x14,0x2)
11:749  0:000     Add key=model valuelen=56
11:749  0:000     Add key=device_type valuelen=29
11:749  0:000     Add key=AAPL,slot-name valuelen=16
11:749  0:000  add device: PciRoot(0x0)/Pci(0x14,0x0)
11:749  0:000     Add key=model valuelen=62
11:749  0:000     Add key=device_type valuelen=15
11:749  0:000     Add key=AAPL,slot-name valuelen=16
11:749  0:000  add device: PciRoot(0x0)/Pci(0x0,0x0)
11:749  0:000     Add key=model valuelen=77
11:749  0:000     Add key=device_type valuelen=12
11:749  0:000     Add key=AAPL,slot-name valuelen=15
11:749  0:000  Intel GFX injection not set
11:749  0:000   RCBA disabled; cannot use it
11:749  0:000  stringlength = 9388
11:750  0:000  CurrentMode: Width=3840 Height=2160
11:750  0:000  Beginning FSInjection
FSInjectionInstall ...
- Our FSI_SIMPLE_FILE_SYSTEM_PROTOCOL installed on handle: 73581918
FSInjectionInstall ...
- Our FSI_SIMPLE_FILE_SYSTEM_PROTOCOL installed on handle: 73581918
11:758  0:008  Remap smbios table type 1 guid.
11:761  0:002    Force kext: System\Library\Extensions\IONetworkingFamily.kext
11:766  0:004      Force PlugIn kext: System\Library\Extensions\IONetworkingFamily.kext\Contents\PlugIns\nvenet.kext
11:768  0:002      Force PlugIn kext: System\Library\Extensions\IONetworkingFamily.kext\Contents\PlugIns\AppleEthernetAquantiaAqtion.kext
11:771  0:003      Force PlugIn kext: System\Library\Extensions\IONetworkingFamily.kext\Contents\PlugIns\AppleBCM5701Ethernet.kext
11:775  0:003      Force PlugIn kext: System\Library\Extensions\IONetworkingFamily.kext\Contents\PlugIns\AppleIntelI210Ethernet.kext
11:777  0:002      Force PlugIn kext: System\Library\Extensions\IONetworkingFamily.kext\Contents\PlugIns\Intel82574L.kext
11:780  0:002      Force PlugIn kext: System\Library\Extensions\IONetworkingFamily.kext\Contents\PlugIns\IOEthernetAVBController.kext
11:781  0:001      Force PlugIn kext: System\Library\Extensions\IONetworkingFamily.kext\Contents\PlugIns\AppleYukon2.kext
11:788  0:006      Force PlugIn kext: System\Library\Extensions\IONetworkingFamily.kext\Contents\PlugIns\AppleEthernetAquantiaAqtionFirmware.kext
11:792  0:003      Force PlugIn kext: System\Library\Extensions\IONetworkingFamily.kext\Contents\PlugIns\AppleIntel8254XEthernet.kext
11:794  0:001      Force PlugIn kext: System\Library\Extensions\IONetworkingFamily.kext\Contents\PlugIns\AppleVmxnet3Ethernet.kext
11:795  0:001      Force PlugIn kext: System\Library\Extensions\IONetworkingFamily.kext\Contents\PlugIns\mDNSOffloadUserClient.kext
11:797  0:001  Preparing kexts injection for arch=x86_64 from EFI\CLOVER\kexts\Other
11:797  0:000  Extra kext: EFI\CLOVER\kexts\Other\NoTouchID.kext (v.1.0.2)
11:799  0:002  Extra kext: EFI\CLOVER\kexts\Other\IntelMausiEthernet.kext (v.2.5.0d14)
11:802  0:002  Extra kext: EFI\CLOVER\kexts\Other\AirportBrcmFixup.kext (v.2.0.3)
11:806  0:003  Extra kext: EFI\CLOVER\kexts\Other\VoodooPS2Controller.kext (v.2.0.2)
11:809  0:002    |-- PlugIn kext: EFI\CLOVER\kexts\Other\VoodooPS2Controller.kext\Contents\PlugIns\VoodooPS2Mouse.kext (v.2.0.2)
11:811  0:002    |-- PlugIn kext: EFI\CLOVER\kexts\Other\VoodooPS2Controller.kext\Contents\PlugIns\VoodooPS2Keyboard.kext (v.2.0.2)
11:814  0:003    |-- PlugIn kext: EFI\CLOVER\kexts\Other\VoodooPS2Controller.kext\Contents\PlugIns\VoodooPS2Trackpad.kext (v.2.0.2)
11:818  0:003  Extra kext: EFI\CLOVER\kexts\Other\BrcmFirmwareData.kext (v.2.2.10)
11:823  0:004  Extra kext: EFI\CLOVER\kexts\Other\BrcmPatchRAM2.kext (v.2.2.10)
11:843  0:020  Extra kext: EFI\CLOVER\kexts\Other\SMCProcessor.kext (v.1.0.7)
11:846  0:002  Extra kext: EFI\CLOVER\kexts\Other\SMCLightSensor.kext (v.1)
11:849  0:002  Extra kext: EFI\CLOVER\kexts\Other\SMCBatteryManager.kext (v.1)
11:851  0:002  Extra kext: EFI\CLOVER\kexts\Other\USBInjectAll.kext (v.0.7.1)
11:939  0:087  Extra kext: EFI\CLOVER\kexts\Other\VirtualSMC.kext (v.1.0.7)
11:944  0:005  Extra kext: EFI\CLOVER\kexts\Other\WhateverGreen.kext (v.1.3.1)
11:955  0:011  Extra kext: EFI\CLOVER\kexts\Other\CPUFriend.kext (v.1.1.9)
11:958  0:003  Extra kext: EFI\CLOVER\kexts\Other\AppleALC.kext (v.1.4.0)
12:092  0:134  Extra kext: EFI\CLOVER\kexts\Other\Lilu.kext (v.1.3.8)
12:099  0:006  SetStartupDiskVolume:
12:099  0:000    * Volume: 'Macintosh HD'
12:099  0:000    * LoaderPath: '<null string>'
12:099  0:000    * DevPath: Macintosh HD
12:099  0:000    * GUID = 4D04F7DE-39BA-4E2C-BD7A-49436B546996
12:099  0:000    * efi-boot-device: <array><dict><key>IOMatch</key><dict><key>IOProviderClass</key><string>IOMedia</string><key>IOPropertyMatch</key><dict><key>UUID</key><string>4D04F7DE-39BA-4E2C-BD7A-49436B546996</string></dict></dict></dict></array>
12:099  0:000  Custom boot screen not used because entry has unset use graphics
12:101  0:001  Closing log
